<?xml version="1.0" encoding="UTF-8"?>
<!-- Generated by org.testng.reporters.JUnitXMLReporter -->
<testsuite hostname="DESKTOP-1CJGE9M" ignored="0" name="Surefire test" tests="3" failures="0" timestamp="2021-05-03T12:26:59 CDT" time="39.783" errors="0">
  <testcase name="validateElements" time="6.638" classname="SeleniumPracticeProject.QAClick.ValidateElementsTest"/>
  <testcase name="validation" time="14.521" classname="SeleniumPracticeProject.QAClick.ValidateFrameandConnectionsTest"/>
  <testcase name="validateMoreElements" time="11.698" classname="SeleniumPracticeProject.QAClick.ValidateOtherElementsTest"/>
</testsuite> <!-- Surefire test -->
