<?xml version="1.0" encoding="UTF-8"?>
<!-- Generated by org.testng.reporters.JUnitXMLReporter -->
<testsuite ignored="0" hostname="DESKTOP-1CJGE9M" failures="0" tests="3" name="Test" time="44.274" errors="0" timestamp="2021-04-30T18:41:32 CDT">
  <testcase classname="SeleniumPracticeProject.QAClick.ValidateFrameandConnections" name="validation" time="16.821"/>
  <testcase classname="SeleniumPracticeProject.QAClick.ValidateElements" name="validateElements" time="7.6"/>
  <testcase classname="SeleniumPracticeProject.QAClick.ValidateOtherElements" name="validateMoreElements" time="12.02"/>
</testsuite> <!-- Test -->
