<?xml version="1.0" encoding="UTF-8"?>
<!-- Generated by org.testng.reporters.JUnitXMLReporter -->
<testsuite ignored="0" hostname="DESKTOP-1CJGE9M" failures="0" tests="3" name="Validating Elements" time="39.098" errors="0" timestamp="2021-05-03T11:53:44 CDT">
  <testcase classname="SeleniumPracticeProject.QAClick.ValidateFrameandConnectionsTest" name="validation" time="14.504"/>
  <testcase classname="SeleniumPracticeProject.QAClick.ValidateElementsTest" name="validateElements" time="6.602"/>
  <testcase classname="SeleniumPracticeProject.QAClick.ValidateOtherElementsTest" name="validateMoreElements" time="11.199"/>
</testsuite> <!-- Validating Elements -->
